<?xml version="1.0" encoding="UTF-8"?>
<!-- Generated by org.testng.reporters.JUnitXMLReporter -->
<testsuite ignored="0" hostname="ameera" failures="0" tests="3" name="macOS Catalina Safari" time="72.228" errors="0" timestamp="2025-01-06T16:03:39 AST">
  <testcase classname="ameera.CertificationTests.SimpleFormTest" name="testSimpleFormDemo" time="5.535"/>
  <testcase classname="ameera.CertificationTests.LambdaTestInputFormTest" name="testInputFormSubmit" time="19.214"/>
  <testcase classname="ameera.CertificationTests.LambdaTestSliderTest" name="testDragAndDropSlider" time="4.734"/>
</testsuite> <!-- macOS Catalina Safari -->
