<?xml version="1.0" encoding="UTF-8"?>
<!-- Generated by org.testng.reporters.JUnitXMLReporter -->
<testsuite ignored="0" hostname="ameera" failures="0" tests="3" name="Windows 10 Chrome" time="75.608" errors="0" timestamp="2025-01-06T16:03:43 AST">
  <testcase classname="ameera.CertificationTests.SimpleFormTest" name="testSimpleFormDemo" time="7.826"/>
  <testcase classname="ameera.CertificationTests.LambdaTestInputFormTest" name="testInputFormSubmit" time="17.338"/>
  <testcase classname="ameera.CertificationTests.LambdaTestSliderTest" name="testDragAndDropSlider" time="6.083"/>
</testsuite> <!-- Windows 10 Chrome -->
